2019-06-10 18:39:38,157 - loggers.py[line:52] - INFO: 输入的用户名是：15816485972
2019-06-10 18:39:38,319 - loggers.py[line:52] - INFO: 输入的密码是：562148562
2019-06-10 18:39:44,109 - loggers.py[line:52] - INFO: 输入的用户名是：755318368
2019-06-10 18:39:44,264 - loggers.py[line:52] - INFO: 输入的密码是：200800lys
2019-06-10 18:39:44,513 - loggers.py[line:52] - INFO: 2019-06-10-15-31-50.html
2019-06-10 19:05:31,247 - loggers.py[line:52] - INFO: 输入的用户名是：15816485972
2019-06-10 19:05:37,371 - loggers.py[line:52] - INFO: 输入的用户名是：755318368
2019-06-10 19:05:37,791 - loggers.py[line:52] - INFO: 2019-06-10-15-31-50.html
2019-06-10 19:08:36,845 - loggers.py[line:52] - INFO: 输入的用户名是：15816485972
2019-06-10 19:09:14,303 - loggers.py[line:52] - INFO: 输入的用户名是：755318368
2019-06-10 19:09:18,150 - loggers.py[line:52] - INFO: 2019-06-10-19-08-30.html
2019-06-10 19:10:05,519 - loggers.py[line:52] - INFO: 输入的用户名是：15816485972
2019-06-10 19:10:11,669 - loggers.py[line:52] - INFO: 输入的用户名是：755318368
2019-06-10 19:10:12,259 - loggers.py[line:52] - INFO: 2019-06-10-19-08-30.html
2019-06-10 19:10:33,354 - loggers.py[line:52] - INFO: 输入的用户名是：15816485972
2019-06-10 19:12:31,979 - loggers.py[line:52] - INFO: 输入的用户名是：755318368
2019-06-10 19:15:18,109 - loggers.py[line:52] - INFO: 2019-06-10-19-10-27.html
2019-06-10 19:16:16,319 - loggers.py[line:52] - INFO: sdfdsfsdfs
2019-06-10 19:16:24,670 - loggers.py[line:52] - INFO: sdfdsfsdfs
2019-06-10 19:16:34,249 - loggers.py[line:52] - INFO: 输入的用户名是：15816485972
2019-06-10 19:16:34,396 - loggers.py[line:52] - INFO: /Users/rocky/Documents/baway/selenium3_py3/report/screenshot/2019-06-10-19-16-34.png
2019-06-10 19:16:34,767 - loggers.py[line:52] - INFO: 输入的密码是：562148562
2019-06-10 19:16:40,824 - loggers.py[line:52] - INFO: 输入的用户名是：755318368
2019-06-10 19:16:40,984 - loggers.py[line:52] - INFO: /Users/rocky/Documents/baway/selenium3_py3/report/screenshot/2019-06-10-19-16-40.png
2019-06-10 19:16:41,307 - loggers.py[line:52] - INFO: 输入的密码是：200800lys
2019-06-10 19:16:41,587 - loggers.py[line:52] - INFO: 2019-06-10-19-10-27.html
